C51 COMPILER V9.55   IIC                                                                   06/09/2018 09:33:42 PAGE 1   


C51 COMPILER V9.55, COMPILATION OF MODULE IIC
OBJECT MODULE PLACED IN .\Objects\iic.obj
COMPILER INVOKED BY: C:\Keil_v5\C51\BIN\C51.EXE iic.c OPTIMIZE(8,SPEED) BROWSE DEBUG OBJECTEXTEND PRINT(.\Listings\iic.l
                    -st) OBJECT(.\Objects\iic.obj)

line level    source

   1          #include"iic.h"
   2          #include"reg52.h"
   3          #include"common.h"
   4          sbit scl=P2^1;
   5          sbit sda=P2^0;
   6          //iid 驱动
   7          void iic_init()
   8          {
   9   1              scl=1;
  10   1              delay_ms(1);
  11   1              sda=1;
  12   1              delay_ms(1);
  13   1      }
  14          void iic_start() //start single
  15          {
  16   1              sda=1;
  17   1              scl=1;
  18   1              delay_10us(1);
  19   1              sda=0;
  20   1              delay_10us(1);
  21   1              scl=0;
  22   1              delay_10us(1);
  23   1      }
  24          void iic_stop() //stop single
  25          {
  26   1              sda=0;
  27   1              scl=1;
  28   1              delay_10us(1);
  29   1              sda=1;
  30   1              delay_10us(1);
  31   1              sda=0;
  32   1      }
  33          void iic_response() //从机应答信号
  34          {
  35   1              unsigned char wt; //wait time
  36   1              scl=1;
  37   1              delay_10us(1);
  38   1              while(( sda==1 ) && ( wt<250 ))         
  39   1                      wt++;
  40   1              scl=0;
  41   1              delay_10us(1);
  42   1      }
  43          void iic_write_byte(unsigned char dat)
  44          {
  45   1              unsigned char num,temp;
  46   1              temp = dat;
  47   1              for( num=0 ; num<8 ; num++ )
  48   1              {
  49   2                      temp=temp<<1;
  50   2                      scl=0;
  51   2                      delay_10us(1);
  52   2                      sda=CY;
  53   2                      delay_10us(1);
  54   2                      scl=1;
C51 COMPILER V9.55   IIC                                                                   06/09/2018 09:33:42 PAGE 2   

  55   2                      delay_10us(1);
  56   2              }
  57   1              scl=0;
  58   1              delay_ms(1);
  59   1              sda=1;
  60   1              delay_ms(1);
  61   1      }
  62          unsigned char iic_read_byte()
  63          {
  64   1              unsigned char num,byte;
  65   1              scl=0;
  66   1              delay_ms(1);
  67   1              sda=1;
  68   1              delay_ms(1);
  69   1              for ( num=0 ; num<8 ; num++ )
  70   1              {
  71   2                      scl=1;
  72   2                      delay_ms(1);
  73   2                      byte=(byte<<1)|sda;
  74   2                      scl=0;
  75   2                      delay_ms(1);
  76   2              }
  77   1              return byte;
  78   1      }
  79          void iic_write_address(unsigned char SlaveAddress,address,dat)
  80          {
  81   1              iic_start();
  82   1              iic_write_byte(SlaveAddress);
  83   1              iic_response();
  84   1              iic_write_byte(address);
  85   1              iic_response();
  86   1              iic_write_byte(dat);
  87   1              iic_response();
  88   1              iic_stop();
  89   1      }
  90          unsigned char iic_read_address(unsigned char writeAddress,unsigned char controlByte,unsigned char readAddr
             -ess)
  91          {
  92   1              unsigned char dat;
  93   1              iic_start();
  94   1              iic_write_byte(writeAddress);
  95   1              iic_response();
  96   1              iic_write_byte(controlByte);
  97   1              iic_response();
  98   1              
  99   1              iic_start();
 100   1              iic_write_byte(readAddress);
 101   1              iic_response();
 102   1              dat=iic_read_byte();
 103   1              iic_stop();
 104   1              return dat;
 105   1      }


MODULE INFORMATION:   STATIC OVERLAYABLE
   CODE SIZE        =    317    ----
   CONSTANT SIZE    =   ----    ----
   XDATA SIZE       =   ----    ----
   PDATA SIZE       =   ----    ----
   DATA SIZE        =   ----      14
   IDATA SIZE       =   ----    ----
   BIT SIZE         =   ----    ----
C51 COMPILER V9.55   IIC                                                                   06/09/2018 09:33:42 PAGE 3   

END OF MODULE INFORMATION.


C51 COMPILATION COMPLETE.  0 WARNING(S),  0 ERROR(S)
