C51 COMPILER V9.55   SERIAL                                                                06/09/2018 09:33:42 PAGE 1   


C51 COMPILER V9.55, COMPILATION OF MODULE SERIAL
OBJECT MODULE PLACED IN .\Objects\serial.obj
COMPILER INVOKED BY: C:\Keil_v5\C51\BIN\C51.EXE serial.c OPTIMIZE(8,SPEED) BROWSE DEBUG OBJECTEXTEND PRINT(.\Listings\se
                    -rial.lst) OBJECT(.\Objects\serial.obj)

line level    source

   1          #include"reg52.h"
   2          #include"common.h"
   3          #include"serial.h"
   4          void serial_init()  //串口程序初始化
   5          {
   6   1              TMOD &= ~(3 << 4) ; //定时器1工作在方式2
   7   1              TMOD |= (2 << 4);
   8   1              TH1 = 0xfd;
   9   1              TL1 = 0xfd;
  10   1              TR1 = 1; //开启定时器1
  11   1              SM0 = 0;
  12   1              SM1 = 1; //串行口工作方
  13   1              REN = 1;//运行串行接口接受数据
  14   1              EA = 1; //开启中断
  15   1              ES = 1; //串行口允许中断
  16   1      }
  17          void serial_send_ch(unsigned char send_dat)//发送字符
  18          {
  19   1                      ES=0;
  20   1                      SBUF=send_dat;
  21   1                      while(!TI);
  22   1                      TI=0;
  23   1                      ES=1;
  24   1      }
  25          void serial_send_da(unsigned char send_dat[])//发送字符串
  26          {
  27   1              unsigned char num=0;
  28   1                      ES=0;
  29   1                      while( send_dat[num]!='\0')
  30   1                      {
  31   2                              SBUF=send_dat[num];
  32   2                              while(!TI);
  33   2                              TI=0;
  34   2                              num++;
  35   2                      }
  36   1                      ES=1;
  37   1      }
  38          unsigned char serial_recv_da() //接受字符一个字符
  39          {
  40   1              RI=0;
  41   1              return SBUF;
  42   1      }


MODULE INFORMATION:   STATIC OVERLAYABLE
   CODE SIZE        =     81    ----
   CONSTANT SIZE    =   ----    ----
   XDATA SIZE       =   ----    ----
   PDATA SIZE       =   ----    ----
   DATA SIZE        =   ----       3
   IDATA SIZE       =   ----    ----
   BIT SIZE         =   ----    ----
END OF MODULE INFORMATION.


C51 COMPILATION COMPLETE.  0 WARNING(S),  0 ERROR(S)
